Using pre-set license
Built from '2020.3/release' branch; Version is '2020.3.7f1 (dd97f2c94397) revision 14522354'; Using compiler version '192528614'; Build Type 'Release'
OS: 'Windows 10 Pro; OS build 19042.1165; Version 2009; 64bit' Language: 'ru' Physical Memory: 16320 MB
BatchMode: 1, IsHumanControllingUs: 0, StartBugReporterOnCrash: 0, Is64bit: 1, IsPro: 0

 COMMAND LINE ARGUMENTS:
C:\Program Files\Unity\Hub\Editor\2020.3.7f1\Editor\Unity.exe
-adb2
-batchMode
-noUpm
-name
AssetImportWorker0
-projectPath
E:/Ensomnia/Ensomnia1.3
-logFile
Logs/AssetImportWorker0.log
-srvPort
63158
Successfully changed project path to: E:/Ensomnia/Ensomnia1.3
E:/Ensomnia/Ensomnia1.3
Using Asset Import Pipeline V2.
Refreshing native plugins compatible for Editor in 48.75 ms, found 0 plugins.
Preloading 0 native plugins for Editor in 0.00 ms.
Initialize engine version: 2020.3.7f1 (dd97f2c94397)
[Subsystems] Discovering subsystems at path C:/Program Files/Unity/Hub/Editor/2020.3.7f1/Editor/Data/Resources/UnitySubsystems
[Subsystems] Discovering subsystems at path E:/Ensomnia/Ensomnia1.3/Assets
GfxDevice: creating device client; threaded=0
Direct3D:
    Version:  Direct3D 11.0 [level 11.1]
    Renderer: NVIDIA GeForce GTX 1050 Ti (ID=0x1c82)
    Vendor:   
    VRAM:     4018 MB
    Driver:   27.21.14.6140
Initialize mono
Mono path[0] = 'C:/Program Files/Unity/Hub/Editor/2020.3.7f1/Editor/Data/Managed'
Mono path[1] = 'C:/Program Files/Unity/Hub/Editor/2020.3.7f1/Editor/Data/MonoBleedingEdge/lib/mono/unityjit'
Mono config path = 'C:/Program Files/Unity/Hub/Editor/2020.3.7f1/Editor/Data/MonoBleedingEdge/etc'
Using monoOptions --debugger-agent=transport=dt_socket,embedding=1,server=y,suspend=n,address=127.0.0.1:56488
Begin MonoManager ReloadAssembly
Registering precompiled unity dll's ...
Register platform support module: C:/Program Files/Unity/Hub/Editor/2020.3.7f1/Editor/Data/PlaybackEngines/WindowsStandaloneSupport/UnityEditor.WindowsStandalone.Extensions.dll
Registered in 0.003998 seconds.
Native extension for WindowsStandalone target not found
Refreshing native plugins compatible for Editor in 46.65 ms, found 0 plugins.
Preloading 0 native plugins for Editor in 0.00 ms.
Mono: successfully reloaded assembly
- Completed reload, in  2.938 seconds
Platform modules already initialized, skipping
Registering precompiled user dll's ...
Registered in 0.002641 seconds.
Begin MonoManager ReloadAssembly
Native extension for WindowsStandalone target not found
Refreshing native plugins compatible for Editor in 0.51 ms, found 0 plugins.
Preloading 0 native plugins for Editor in 0.00 ms.
Mono: successfully reloaded assembly
- Completed reload, in  1.083 seconds
Platform modules already initialized, skipping
========================================================================
Worker process is ready to serve import requests
Launched and connected shader compiler UnityShaderCompiler.exe after 0.06 seconds
Refreshing native plugins compatible for Editor in 0.39 ms, found 0 plugins.
Preloading 0 native plugins for Editor in 0.00 ms.
Unloading 1629 Unused Serialized files (Serialized files now loaded: 0)
System memory in use before: 79.4 MB.
System memory in use after: 79.5 MB.

Unloading 11 unused Assets to reduce memory usage. Loaded Objects now: 2070.
Total: 2.275400 ms (FindLiveObjects: 0.220400 ms CreateObjectMapping: 0.044200 ms MarkObjects: 1.894900 ms  DeleteObjects: 0.114300 ms)

========================================================================
Received Import Request.
  path: Assets/music
  artifactKey: Guid(0d8822041685a054cad3b03690610379) Importer(815301076,1909f56bfc062723c751e8b465ee728b)
Start importing Assets/music using Guid(0d8822041685a054cad3b03690610379) Importer(815301076,1909f56bfc062723c751e8b465ee728b)  -> (artifact id: 'cc328d45f172e5c9238179027fb41614') in 0.017362 seconds
  Import took 0.038758 seconds .

========================================================================
Received Import Request.
  Time since last request: 221.111154 seconds.
  path: Assets/Mod Assets
  artifactKey: Guid(ee50f83a49cf94758ae8629f74ea80b3) Importer(815301076,1909f56bfc062723c751e8b465ee728b)
Start importing Assets/Mod Assets using Guid(ee50f83a49cf94758ae8629f74ea80b3) Importer(815301076,1909f56bfc062723c751e8b465ee728b)  -> (artifact id: '4faa299df505145bb5ae92cbef80c61f') in 0.070788 seconds
  Import took 0.080019 seconds .

========================================================================
Received Import Request.
  Time since last request: 0.006337 seconds.
  path: Assets/Mod Assets
  artifactKey: Guid(ee50f83a49cf94758ae8629f74ea80b3) Importer(815301076,1909f56bfc062723c751e8b465ee728b)
Start importing Assets/Mod Assets using Guid(ee50f83a49cf94758ae8629f74ea80b3) Importer(815301076,1909f56bfc062723c751e8b465ee728b)  -> (artifact id: '4faa299df505145bb5ae92cbef80c61f') in 0.007888 seconds
  Import took 0.014124 seconds .

========================================================================
Received Import Request.
  Time since last request: 88.854972 seconds.
  path: Assets/animation/Player.controller
  artifactKey: Guid(8bf06b7474a6f7f4f83521bcf108ebbf) Importer(815301076,1909f56bfc062723c751e8b465ee728b)
Start importing Assets/animation/Player.controller using Guid(8bf06b7474a6f7f4f83521bcf108ebbf) Importer(815301076,1909f56bfc062723c751e8b465ee728b)  -> (artifact id: 'a2a9895e4b19abbc3906662b6b4538be') in 0.031777 seconds
  Import took 0.037757 seconds .

========================================================================
Received Import Request.
  Time since last request: 228.445447 seconds.
  path: Assets/music/Музыка игры Партия 1.mp3
  artifactKey: Guid(6e0b0714da9586c4c98cac0cd88f3b20) Importer(815301076,1909f56bfc062723c751e8b465ee728b)
Start importing Assets/music/Музыка игры Партия 1.mp3 using Guid(6e0b0714da9586c4c98cac0cd88f3b20) Importer(815301076,1909f56bfc062723c751e8b465ee728b)  -> (artifact id: '260b8b7fa0e84891b1e802f83ad391ad') in 0.120233 seconds
  Import took 0.126011 seconds .

========================================================================
Received Import Request.
  Time since last request: 0.000605 seconds.
  path: Assets/music/Музыка менюшки.mp3
  artifactKey: Guid(0a3ef071e0fa74846817544fc7b83dba) Importer(815301076,1909f56bfc062723c751e8b465ee728b)
Start importing Assets/music/Музыка менюшки.mp3 using Guid(0a3ef071e0fa74846817544fc7b83dba) Importer(815301076,1909f56bfc062723c751e8b465ee728b)  -> (artifact id: '4acba31c77e5d66f0f740a298577fc59') in 0.015680 seconds
  Import took 0.022129 seconds .

========================================================================
Received Import Request.
  Time since last request: 0.000583 seconds.
  path: Assets/music/Музыка меню игры Паттерн 1.mp3
  artifactKey: Guid(bcbd53b8ab780a9438e6cee8bb07f96b) Importer(815301076,1909f56bfc062723c751e8b465ee728b)
Start importing Assets/music/Музыка меню игры Паттерн 1.mp3 using Guid(bcbd53b8ab780a9438e6cee8bb07f96b) Importer(815301076,1909f56bfc062723c751e8b465ee728b)  -> (artifact id: '619c8751619293aa25a3924cb760e705') in 0.011067 seconds
  Import took 0.017070 seconds .

========================================================================
Received Prepare
Registering precompiled user dll's ...
Registered in 0.001446 seconds.
Begin MonoManager ReloadAssembly
Native extension for WindowsStandalone target not found
Refreshing native plugins compatible for Editor in 0.39 ms, found 0 plugins.
Preloading 0 native plugins for Editor in 0.00 ms.
Mono: successfully reloaded assembly
- Completed reload, in  0.968 seconds
Platform modules already initialized, skipping
Refreshing native plugins compatible for Editor in 0.39 ms, found 0 plugins.
Preloading 0 native plugins for Editor in 0.00 ms.
Unloading 1582 Unused Serialized files (Serialized files now loaded: 0)
System memory in use before: 78.4 MB.
System memory in use after: 78.5 MB.

Unloading 6 unused Assets to reduce memory usage. Loaded Objects now: 2082.
Total: 1.861100 ms (FindLiveObjects: 0.194900 ms CreateObjectMapping: 0.047000 ms MarkObjects: 1.602900 ms  DeleteObjects: 0.014900 ms)

========================================================================
Received Prepare
Registering precompiled user dll's ...
Registered in 0.001393 seconds.
Begin MonoManager ReloadAssembly
Native extension for WindowsStandalone target not found
Refreshing native plugins compatible for Editor in 0.38 ms, found 0 plugins.
Preloading 0 native plugins for Editor in 0.00 ms.
Mono: successfully reloaded assembly
- Completed reload, in  0.952 seconds
Platform modules already initialized, skipping
Refreshing native plugins compatible for Editor in 0.38 ms, found 0 plugins.
Preloading 0 native plugins for Editor in 0.00 ms.
Unloading 1582 Unused Serialized files (Serialized files now loaded: 0)
System memory in use before: 78.4 MB.
System memory in use after: 78.5 MB.

Unloading 6 unused Assets to reduce memory usage. Loaded Objects now: 2085.
Total: 3.658800 ms (FindLiveObjects: 0.290900 ms CreateObjectMapping: 0.094700 ms MarkObjects: 3.244600 ms  DeleteObjects: 0.025900 ms)

========================================================================
Received Prepare
Registering precompiled user dll's ...
Registered in 0.001266 seconds.
Begin MonoManager ReloadAssembly
Native extension for WindowsStandalone target not found
Refreshing native plugins compatible for Editor in 0.39 ms, found 0 plugins.
Preloading 0 native plugins for Editor in 0.00 ms.
Mono: successfully reloaded assembly
- Completed reload, in  0.953 seconds
Platform modules already initialized, skipping
Refreshing native plugins compatible for Editor in 0.39 ms, found 0 plugins.
Preloading 0 native plugins for Editor in 0.00 ms.
Unloading 1582 Unused Serialized files (Serialized files now loaded: 0)
System memory in use before: 78.5 MB.
System memory in use after: 78.6 MB.

Unloading 6 unused Assets to reduce memory usage. Loaded Objects now: 2088.
Total: 1.926400 ms (FindLiveObjects: 0.184600 ms CreateObjectMapping: 0.042400 ms MarkObjects: 1.684100 ms  DeleteObjects: 0.014200 ms)

========================================================================
Received Import Request.
  Time since last request: 2430.473376 seconds.
  path: Assets/animation/Player.controller
  artifactKey: Guid(8bf06b7474a6f7f4f83521bcf108ebbf) Importer(815301076,1909f56bfc062723c751e8b465ee728b)
Start importing Assets/animation/Player.controller using Guid(8bf06b7474a6f7f4f83521bcf108ebbf) Importer(815301076,1909f56bfc062723c751e8b465ee728b)  -> (artifact id: '80675389e45ba6db5532de9db5a53e35') in 0.017895 seconds
  Import took 0.046413 seconds .

AssetImportWorkerClient::OnTransportError - code=2 error=End of file
